1514830401753	geckodriver	INFO	geckodriver 0.19.0
1514830401772	geckodriver	INFO	Listening on 127.0.0.1:50054
1514830402921	mozrunner::runner	INFO	Running command: "/Applications/Firefox.app/Contents/MacOS/firefox-bin" "-marionette" "-profile" "/var/folders/52/wvnjq8453fx2wcs4xw26kh5m0000gn/T/rust_mozprofile.PDhwjDwIFinR"
1514830404381	Marionette	INFO	Enabled via --marionette
2018-01-01 23:43:25.989 plugin-container[886:26057] *** CFMessagePort: bootstrap_register(): failed 1100 (0x44c) 'Permission denied', port = 0xa037, name = 'com.apple.tsm.portname'
See /usr/include/servers/bootstrap_defs.h for the error codes.
1514830406898	Marionette	INFO	Listening on port 50063
1514830406956	Marionette	WARN	TLS certificate errors will be ignored for this session
1514830407045	Marionette	DEBUG	Register listener.js for window 2147483649
1514830431202	Marionette	DEBUG	Received DOM event "beforeunload" for "about:blank"
1514830431973	Marionette	DEBUG	Received DOM event "pagehide" for "about:blank"
1514830431973	Marionette	DEBUG	Received DOM event "unload" for "about:blank"
1514830434635	Marionette	DEBUG	Received DOM event "DOMContentLoaded" for "https://www.myntra.com/ethnic-tops"
1514830437417	Marionette	DEBUG	Received DOM event "pageshow" for "https://www.myntra.com/ethnic-tops"
1514830444557	Marionette	DEBUG	Canceled page load listener because no navigation has been detected
1514830446276	Marionette	DEBUG	Canceled page load listener because no navigation has been detected
1514830447701	Marionette	DEBUG	Canceled page load listener because no navigation has been detected
1514830449101	Marionette	DEBUG	Canceled page load listener because no navigation has been detected
1514830450549	Marionette	DEBUG	Canceled page load listener because no navigation has been detected
1514830451945	Marionette	DEBUG	Canceled page load listener because no navigation has been detected
[Child 886, Chrome_ChildThread] WARNING: pipe error: Broken pipe: file /builds/worker/workspace/build/src/ipc/chromium/src/chrome/common/ipc_channel_posix.cc, line 709
1514830540410	geckodriver	INFO	geckodriver 0.19.0
1514830540423	geckodriver	INFO	Listening on 127.0.0.1:50446
1514830541534	mozrunner::runner	INFO	Running command: "/Applications/Firefox.app/Contents/MacOS/firefox-bin" "-marionette" "-profile" "/var/folders/52/wvnjq8453fx2wcs4xw26kh5m0000gn/T/rust_mozprofile.NZjJdq2xPj45"
1514830542696	Marionette	INFO	Enabled via --marionette
2018-01-01 23:45:44.035 plugin-container[908:27982] *** CFMessagePort: bootstrap_register(): failed 1100 (0x44c) 'Permission denied', port = 0x9f37, name = 'com.apple.tsm.portname'
See /usr/include/servers/bootstrap_defs.h for the error codes.
1514830544581	Marionette	INFO	Listening on port 50455
1514830544680	Marionette	WARN	TLS certificate errors will be ignored for this session
1514830544750	Marionette	DEBUG	Register listener.js for window 2147483649
1514830545104	Marionette	DEBUG	Received DOM event "beforeunload" for "about:blank"
1514830545499	Marionette	DEBUG	Received DOM event "pagehide" for "about:blank"
1514830545499	Marionette	DEBUG	Received DOM event "unload" for "about:blank"
1514830547428	Marionette	DEBUG	Received DOM event "DOMContentLoaded" for "https://www.myntra.com/ethnic-tops"
1514830549311	Marionette	DEBUG	Received DOM event "pageshow" for "https://www.myntra.com/ethnic-tops"
1514830550701	Marionette	DEBUG	Canceled page load listener because no navigation has been detected
1514830552495	Marionette	DEBUG	Canceled page load listener because no navigation has been detected
1514830553916	Marionette	DEBUG	Canceled page load listener because no navigation has been detected
1514830555357	Marionette	DEBUG	Canceled page load listener because no navigation has been detected
1514830556757	Marionette	DEBUG	Canceled page load listener because no navigation has been detected
1514830558174	Marionette	DEBUG	Canceled page load listener because no navigation has been detected
1514830559981	Marionette	DEBUG	Canceled page load listener because no navigation has been detected
1514830562051	Marionette	DEBUG	Canceled page load listener because no navigation has been detected
1514830563859	Marionette	DEBUG	Canceled page load listener because no navigation has been detected
1514830565305	Marionette	DEBUG	Canceled page load listener because no navigation has been detected
1514830566882	Marionette	DEBUG	Canceled page load listener because no navigation has been detected
1514830568451	Marionette	DEBUG	Canceled page load listener because no navigation has been detected
1514830570182	Marionette	DEBUG	Canceled page load listener because no navigation has been detected
1514830572479	Marionette	DEBUG	Canceled page load listener because no navigation has been detected
1514830573985	Marionette	DEBUG	Canceled page load listener because no navigation has been detected
1514830577089	Marionette	DEBUG	Canceled page load listener because no navigation has been detected
1514830579659	Marionette	DEBUG	Canceled page load listener because no navigation has been detected
1514830582157	Marionette	DEBUG	Canceled page load listener because no navigation has been detected
1514830584433	Marionette	DEBUG	Canceled page load listener because no navigation has been detected
1514830587341	Marionette	DEBUG	Canceled page load listener because no navigation has been detected
1514830589910	Marionette	DEBUG	Canceled page load listener because no navigation has been detected
1514830592596	Marionette	DEBUG	Canceled page load listener because no navigation has been detected
1514830595016	Marionette	DEBUG	Canceled page load listener because no navigation has been detected
1514830597786	Marionette	DEBUG	Canceled page load listener because no navigation has been detected
1514830600567	Marionette	DEBUG	Canceled page load listener because no navigation has been detected
1514830603214	Marionette	DEBUG	Canceled page load listener because no navigation has been detected
1514830605911	Marionette	DEBUG	Canceled page load listener because no navigation has been detected
1514830608586	Marionette	DEBUG	Canceled page load listener because no navigation has been detected
1514830611857	Marionette	DEBUG	Canceled page load listener because no navigation has been detected
1514830614477	Marionette	DEBUG	Canceled page load listener because no navigation has been detected
1514830617252	Marionette	DEBUG	Canceled page load listener because no navigation has been detected
1514830619937	Marionette	DEBUG	Canceled page load listener because no navigation has been detected
1514830622686	Marionette	DEBUG	Canceled page load listener because no navigation has been detected
1514830625462	Marionette	DEBUG	Canceled page load listener because no navigation has been detected
1514830628186	Marionette	DEBUG	Canceled page load listener because no navigation has been detected
1514830630831	Marionette	DEBUG	Canceled page load listener because no navigation has been detected
1514830633751	Marionette	DEBUG	Canceled page load listener because no navigation has been detected
1514830635881	Marionette	DEBUG	Canceled page load listener because no navigation has been detected
1514830638791	Marionette	DEBUG	Canceled page load listener because no navigation has been detected
1514830641915	Marionette	DEBUG	Canceled page load listener because no navigation has been detected
1514830646231	Marionette	DEBUG	Canceled page load listener because no navigation has been detected
1514830648232	Marionette	DEBUG	Canceled page load listener because no navigation has been detected
1514830651903	Marionette	DEBUG	Canceled page load listener because no navigation has been detected
1514830656227	Marionette	DEBUG	Canceled page load listener because no navigation has been detected
1514830659662	Marionette	DEBUG	Canceled page load listener because no navigation has been detected
1514830661933	Marionette	DEBUG	Canceled page load listener because no navigation has been detected
1514830666483	Marionette	DEBUG	Canceled page load listener because no navigation has been detected
1514830669540	Marionette	DEBUG	Canceled page load listener because no navigation has been detected
1514830671821	Marionette	DEBUG	Canceled page load listener because no navigation has been detected
1514830676011	Marionette	DEBUG	Canceled page load listener because no navigation has been detected
1514830679650	Marionette	DEBUG	Canceled page load listener because no navigation has been detected
1514830683483	Marionette	DEBUG	Canceled page load listener because no navigation has been detected
1514830687940	Marionette	DEBUG	Canceled page load listener because no navigation has been detected
1514830692087	Marionette	DEBUG	Canceled page load listener because no navigation has been detected
1514830696247	Marionette	DEBUG	Canceled page load listener because no navigation has been detected
1514830700453	Marionette	DEBUG	Canceled page load listener because no navigation has been detected
1514830704837	Marionette	DEBUG	Canceled page load listener because no navigation has been detected
1514830709176	Marionette	DEBUG	Canceled page load listener because no navigation has been detected
1514830713117	Marionette	DEBUG	Canceled page load listener because no navigation has been detected
1514830717860	Marionette	DEBUG	Canceled page load listener because no navigation has been detected
1514830721742	Marionette	DEBUG	Canceled page load listener because no navigation has been detected
1514830725965	Marionette	DEBUG	Canceled page load listener because no navigation has been detected
1514830729939	Marionette	DEBUG	Canceled page load listener because no navigation has been detected
1514830734162	Marionette	DEBUG	Canceled page load listener because no navigation has been detected
1514830738784	Marionette	DEBUG	Canceled page load listener because no navigation has been detected
1514830742823	Marionette	DEBUG	Canceled page load listener because no navigation has been detected
1514830747754	Marionette	DEBUG	Canceled page load listener because no navigation has been detected
1514830751872	Marionette	DEBUG	Canceled page load listener because no navigation has been detected
1514830757109	Marionette	DEBUG	Canceled page load listener because no navigation has been detected
1514830762063	Marionette	DEBUG	Canceled page load listener because no navigation has been detected
1514830766395	Marionette	DEBUG	Canceled page load listener because no navigation has been detected
1514830771162	Marionette	DEBUG	Canceled page load listener because no navigation has been detected
1514830775536	Marionette	DEBUG	Canceled page load listener because no navigation has been detected
1514830780097	Marionette	DEBUG	Canceled page load listener because no navigation has been detected
1514830784581	Marionette	DEBUG	Canceled page load listener because no navigation has been detected
1514830789424	Marionette	DEBUG	Canceled page load listener because no navigation has been detected
1514830794619	Marionette	DEBUG	Canceled page load listener because no navigation has been detected
1514830798967	Marionette	DEBUG	Canceled page load listener because no navigation has been detected
1514830804351	Marionette	DEBUG	Canceled page load listener because no navigation has been detected
1514830809079	Marionette	DEBUG	Canceled page load listener because no navigation has been detected
1514830813652	Marionette	DEBUG	Canceled page load listener because no navigation has been detected
1514830818788	Marionette	DEBUG	Canceled page load listener because no navigation has been detected
1514830824076	Marionette	DEBUG	Canceled page load listener because no navigation has been detected
1514830829537	Marionette	DEBUG	Canceled page load listener because no navigation has been detected
1514830834477	Marionette	DEBUG	Canceled page load listener because no navigation has been detected
1514831279287	geckodriver	INFO	geckodriver 0.19.0
1514831279295	geckodriver	INFO	Listening on 127.0.0.1:58553
1514831280470	mozrunner::runner	INFO	Running command: "/Applications/Firefox.app/Contents/MacOS/firefox-bin" "-marionette" "-profile" "/var/folders/52/wvnjq8453fx2wcs4xw26kh5m0000gn/T/rust_mozprofile.tKAz7Ut5wtsF"
1514831281445	Marionette	INFO	Enabled via --marionette
2018-01-01 23:58:02.458 plugin-container[987:33123] *** CFMessagePort: bootstrap_register(): failed 1100 (0x44c) 'Permission denied', port = 0x9e37, name = 'com.apple.tsm.portname'
See /usr/include/servers/bootstrap_defs.h for the error codes.
1514831283049	Marionette	INFO	Listening on port 58562
1514831283083	Marionette	WARN	TLS certificate errors will be ignored for this session
1514831283159	Marionette	DEBUG	Register listener.js for window 2147483649
1514831283506	Marionette	DEBUG	Received DOM event "beforeunload" for "about:blank"
1514831285081	Marionette	DEBUG	Received DOM event "pagehide" for "about:blank"
1514831285081	Marionette	DEBUG	Received DOM event "unload" for "about:blank"
1514831286963	Marionette	DEBUG	Received DOM event "DOMContentLoaded" for "https://www.myntra.com/ethnic-tops"
1514831288926	Marionette	DEBUG	Received DOM event "pageshow" for "https://www.myntra.com/ethnic-tops"
1514831290313	Marionette	DEBUG	Canceled page load listener because no navigation has been detected
1514831291787	Marionette	DEBUG	Canceled page load listener because no navigation has been detected
1514831293171	Marionette	DEBUG	Canceled page load listener because no navigation has been detected
1514831294553	Marionette	DEBUG	Canceled page load listener because no navigation has been detected
1514831295931	Marionette	DEBUG	Canceled page load listener because no navigation has been detected
1514831297401	Marionette	DEBUG	Canceled page load listener because no navigation has been detected
1514831298903	Marionette	DEBUG	Canceled page load listener because no navigation has been detected
1514831300605	Marionette	DEBUG	Canceled page load listener because no navigation has been detected
1514831302166	Marionette	DEBUG	Canceled page load listener because no navigation has been detected
1514831303975	Marionette	DEBUG	Canceled page load listener because no navigation has been detected
1514831305456	Marionette	DEBUG	Canceled page load listener because no navigation has been detected
1514831307155	Marionette	DEBUG	Canceled page load listener because no navigation has been detected
1514831309374	Marionette	DEBUG	Canceled page load listener because no navigation has been detected
1514831311009	Marionette	DEBUG	Canceled page load listener because no navigation has been detected
1514831312738	Marionette	DEBUG	Canceled page load listener because no navigation has been detected
1514831315397	Marionette	DEBUG	Canceled page load listener because no navigation has been detected
1514831317100	Marionette	DEBUG	Canceled page load listener because no navigation has been detected

###!!! [Parent][MessageChannel] Error: (msgtype=0x100033,name=PBackground::Msg_DispatchLocalStorageChange) Channel closing: too late to send/recv, messages will be lost


###!!! [Parent][MessageChannel] Error: (msgtype=0x100033,name=PBackground::Msg_DispatchLocalStorageChange) Channel closing: too late to send/recv, messages will be lost

1514831319535	Marionette	DEBUG	Canceled page load listener because no navigation has been detected
1514831321221	Marionette	DEBUG	Canceled page load listener because no navigation has been detected
1514831324416	Marionette	DEBUG	Canceled page load listener because no navigation has been detected
1514831326878	Marionette	DEBUG	Canceled page load listener because no navigation has been detected
1514831329306	Marionette	DEBUG	Canceled page load listener because no navigation has been detected
1514831331731	Marionette	DEBUG	Canceled page load listener because no navigation has been detected
1514831334597	Marionette	DEBUG	Canceled page load listener because no navigation has been detected
1514831337331	Marionette	DEBUG	Canceled page load listener because no navigation has been detected
1514831339235	Marionette	DEBUG	Canceled page load listener because no navigation has been detected
1514831342810	Marionette	DEBUG	Canceled page load listener because no navigation has been detected
1514831345830	Marionette	DEBUG	Canceled page load listener because no navigation has been detected
1514831348402	Marionette	DEBUG	Canceled page load listener because no navigation has been detected
1514831351587	Marionette	DEBUG	Canceled page load listener because no navigation has been detected
1514831354344	Marionette	DEBUG	Canceled page load listener because no navigation has been detected
1514831356836	Marionette	DEBUG	Canceled page load listener because no navigation has been detected
1514831359820	Marionette	DEBUG	Canceled page load listener because no navigation has been detected
1514831363287	Marionette	DEBUG	Canceled page load listener because no navigation has been detected
1514831366429	Marionette	DEBUG	Canceled page load listener because no navigation has been detected
1514831369454	Marionette	DEBUG	Canceled page load listener because no navigation has been detected
1514831372186	Marionette	DEBUG	Canceled page load listener because no navigation has been detected
1514831375403	Marionette	DEBUG	Canceled page load listener because no navigation has been detected
1514831378616	Marionette	DEBUG	Canceled page load listener because no navigation has been detected
1514831380682	Marionette	DEBUG	Canceled page load listener because no navigation has been detected
1514831384303	Marionette	DEBUG	Canceled page load listener because no navigation has been detected
1514831386514	Marionette	DEBUG	Canceled page load listener because no navigation has been detected
1514831389621	Marionette	DEBUG	Canceled page load listener because no navigation has been detected
1514831392665	Marionette	DEBUG	Canceled page load listener because no navigation has been detected
1514831396927	Marionette	DEBUG	Canceled page load listener because no navigation has been detected
1514831398948	Marionette	DEBUG	Canceled page load listener because no navigation has been detected
1514831403724	Marionette	DEBUG	Canceled page load listener because no navigation has been detected
1514831405920	Marionette	DEBUG	Canceled page load listener because no navigation has been detected
1514831409586	Marionette	DEBUG	Canceled page load listener because no navigation has been detected
1514831413152	Marionette	DEBUG	Canceled page load listener because no navigation has been detected
1514831417514	Marionette	DEBUG	Canceled page load listener because no navigation has been detected
1514831420264	Marionette	DEBUG	Canceled page load listener because no navigation has been detected
1514831423696	Marionette	DEBUG	Canceled page load listener because no navigation has been detected
1514831427257	Marionette	DEBUG	Canceled page load listener because no navigation has been detected
1514831430061	Marionette	DEBUG	Canceled page load listener because no navigation has been detected
1514831433870	Marionette	DEBUG	Canceled page load listener because no navigation has been detected
1514831438167	Marionette	DEBUG	Canceled page load listener because no navigation has been detected
1514831442050	Marionette	DEBUG	Canceled page load listener because no navigation has been detected
1514831446521	Marionette	DEBUG	Canceled page load listener because no navigation has been detected
1514831450833	Marionette	DEBUG	Canceled page load listener because no navigation has been detected
1514831454826	Marionette	DEBUG	Canceled page load listener because no navigation has been detected
1514831459426	Marionette	DEBUG	Canceled page load listener because no navigation has been detected
1514831464267	Marionette	DEBUG	Canceled page load listener because no navigation has been detected
1514831468633	Marionette	DEBUG	Canceled page load listener because no navigation has been detected
1514831473369	Marionette	DEBUG	Canceled page load listener because no navigation has been detected
1514831477221	Marionette	DEBUG	Canceled page load listener because no navigation has been detected
1514831481120	Marionette	DEBUG	Canceled page load listener because no navigation has been detected
1514831485637	Marionette	DEBUG	Canceled page load listener because no navigation has been detected
1514831490086	Marionette	DEBUG	Canceled page load listener because no navigation has been detected
1514831494241	Marionette	DEBUG	Canceled page load listener because no navigation has been detected
1514831498410	Marionette	DEBUG	Canceled page load listener because no navigation has been detected
1514831502763	Marionette	DEBUG	Canceled page load listener because no navigation has been detected
1514831508102	Marionette	DEBUG	Canceled page load listener because no navigation has been detected
1514831513169	Marionette	DEBUG	Canceled page load listener because no navigation has been detected
1514831517571	Marionette	DEBUG	Canceled page load listener because no navigation has been detected
1514831522366	Marionette	DEBUG	Canceled page load listener because no navigation has been detected
1514831527241	Marionette	DEBUG	Canceled page load listener because no navigation has been detected
1514831531563	Marionette	DEBUG	Canceled page load listener because no navigation has been detected
1514831536305	Marionette	DEBUG	Canceled page load listener because no navigation has been detected
1514831541677	Marionette	DEBUG	Canceled page load listener because no navigation has been detected
1514831547083	Marionette	DEBUG	Canceled page load listener because no navigation has been detected
1514831551242	Marionette	DEBUG	Canceled page load listener because no navigation has been detected
1514831556708	Marionette	DEBUG	Canceled page load listener because no navigation has been detected
1514831561843	Marionette	DEBUG	Canceled page load listener because no navigation has been detected
1514831567126	Marionette	DEBUG	Canceled page load listener because no navigation has been detected
1515121364138	geckodriver	INFO	geckodriver 0.19.0
1515121364152	geckodriver	INFO	Listening on 127.0.0.1:50072
1515121365308	mozrunner::runner	INFO	Running command: "/Applications/Firefox.app/Contents/MacOS/firefox-bin" "-marionette" "-profile" "/var/folders/52/wvnjq8453fx2wcs4xw26kh5m0000gn/T/rust_mozprofile.N2P81wIH1VpD"
1515121366895	Marionette	INFO	Enabled via --marionette
2018-01-05 08:32:48.365 plugin-container[597:11378] *** CFMessagePort: bootstrap_register(): failed 1100 (0x44c) 'Permission denied', port = 0x9f37, name = 'com.apple.tsm.portname'
See /usr/include/servers/bootstrap_defs.h for the error codes.
1515121369217	Marionette	INFO	Listening on port 50081
1515121369271	Marionette	WARN	TLS certificate errors will be ignored for this session
1515121369346	Marionette	DEBUG	Register listener.js for window 2147483649
1515121370108	Marionette	DEBUG	Received DOM event "beforeunload" for "about:blank"
1515121374949	Marionette	DEBUG	Received DOM event "pagehide" for "about:blank"
1515121374949	Marionette	DEBUG	Received DOM event "unload" for "about:blank"
1515121375303	Marionette	DEBUG	Received DOM event "DOMContentLoaded" for "https://www.google.co.in/?gfe_rd=cr&dcr=0&ei=3epOWoy1GKrT8gfXtK3gBw&gws_rd=ssl"
1515121377562	Marionette	DEBUG	Received DOM event "pageshow" for "https://www.google.co.in/?gfe_rd=cr&dcr=0&ei=3epOWoy1GKrT8gfXtK3gBw&gws_rd=ssl"
